#
# A fatal error has been detected by the Java Runtime Environment:
#
#  EXCEPTION_ACCESS_VIOLATION (0xc0000005) at pc=0x0000000002c84c1a, pid=17056, tid=33632
#
# JRE version: Java(TM) SE Runtime Environment (7.0_80-b15) (build 1.7.0_80-b15)
# Java VM: Java HotSpot(TM) 64-Bit Server VM (24.80-b11 mixed mode windows-amd64 compressed oops)
# Problematic frame:
# J 633 C2 com.gy.wm.parser.analysis.WholeSiteAnalysis.AnalysisHtml(Ljava/util/List;)V (162 bytes) @ 0x0000000002c84c1a [0x0000000002c849e0+0x23a]
#
# Failed to write core dump. Minidumps are not enabled by default on client versions of Windows
#
# If you would like to submit a bug report, please visit:
#   http://bugreport.java.com/bugreport/crash.jsp
#

---------------  T H R E A D  ---------------

Current thread (0x000000000da74000):  JavaThread "pool-1-thread-8" [_thread_in_Java, id=33632, stack(0x000000000ee20000,0x000000000ef20000)]

siginfo: ExceptionCode=0xc0000005, reading address 0x000000000000000c

Registers:
RAX=0x0000000000000001, RBX=0x000000000000003c, RCX=0x00000000f0d2f667, RDX=0x00000007fdf25c30
RSP=0x000000000ef1ed80, RBP=0x00000007f3f40ca0, RSI=0x00000000fe7e8194, RDI=0x0000000000006541
R8 =0x00000000f0d2f667, R9 =0x0000000000000000, R10=0x0000000000000676, R11=0x0000000000000007
R12=0x0000000000000000, R13=0x0000000000000000, R14=0x00000007f3e9b230, R15=0x000000000da74000
RIP=0x0000000002c84c1a, EFLAGS=0x0000000000010282

Top of Stack: (sp=0x000000000ef1ed80)
0x000000000ef1ed80:   0000000781f51858 0000000781c9d3d8
0x000000000ef1ed90:   00000007e2c90920 ffbe4b8600006540
0x000000000ef1eda0:   0000654100006541 0000654100006541
0x000000000ef1edb0:   000000078697b320 0000654100000675
0x000000000ef1edc0:   0000000781f94a20 0000000781d55960
0x000000000ef1edd0:   00000007863d03f8 0000000781fac3f8
0x000000000ef1ede0:   000000078697b320 0000000b00000677
0x000000000ef1edf0:   00000007f3e91838 00000007f3f40ca0
0x000000000ef1ee00:   000000000ef1ee00 00000007f3e91a10
0x000000000ef1ee10:   000000000ef1ee50 000000077daca090
0x000000000ef1ee20:   0000000000000000 000000077dac9528
0x000000000ef1ee30:   000000000ef1ee98 0000000002ad60f8
0x000000000ef1ee40:   0000000002ad60f8 00000007863d03f8
0x000000000ef1ee50:   0000000781f94a20 000000000ef1ee58
0x000000000ef1ee60:   000000077cf213fb 000000000ef1eec8
0x000000000ef1ee70:   000000077cf21ea0 0000000000000000 

Instructions: (pc=0x0000000002c84c1a)
0x0000000002c84bfa:   07 00 00 00 4c 89 5c 24 78 4c 8b 5c 24 60 45 8b
0x0000000002c84c0a:   43 0c 48 8b 6c 24 78 44 8b 4d 0c 47 8b 5c c4 0c
0x0000000002c84c1a:   43 8b 4c cc 0c 44 8b c1 45 03 c3 45 85 c0 0f 8c
0x0000000002c84c2a:   b7 23 00 00 41 81 f8 00 00 08 00 0f 87 8e 1d 00 


Register to memory mapping:

RAX=0x0000000000000001 is an unknown value
RBX=0x000000000000003c is an unknown value
RCX=0x00000000f0d2f667 is an unknown value
RDX=0x00000007fdf25c30 is an oop
[Ljava.lang.Object; 
 - klass: 'java/lang/Object'[]
 - length: 31618
RSP=0x000000000ef1ed80 is pointing into the stack for thread: 0x000000000da74000
RBP=0x00000007f3f40ca0 is an oop
java.lang.String 
 - klass: 'java/lang/String'
RSI=0x00000000fe7e8194 is an unknown value
RDI=0x0000000000006541 is an unknown value
R8 =0x00000000f0d2f667 is an unknown value
R9 =0x0000000000000000 is an unknown value
R10=0x0000000000000676 is an unknown value
R11=0x0000000000000007 is an unknown value
R12=0x0000000000000000 is an unknown value
R13=0x0000000000000000 is an unknown value
R14=0x00000007f3e9b230 is an unknown value
R15=0x000000000da74000 is a thread


Stack: [0x000000000ee20000,0x000000000ef20000],  sp=0x000000000ef1ed80,  free space=1019k
Native frames: (J=compiled Java code, j=interpreted, Vv=VM code, C=native code)
J 633 C2 com.gy.wm.parser.analysis.WholeSiteAnalysis.AnalysisHtml(Ljava/util/List;)V (162 bytes) @ 0x0000000002c84c1a [0x0000000002c849e0+0x23a]
j  com.gy.wm.parser.analysis.WholeSiteAnalysis.getUrlList(Ljava/lang/String;Ljava/lang/String;)Ljava/util/List;+35
J 1282 C2 com.gy.wm.parser.analysis.TextAnalysis.analysisHtml(Lcom/gy/wm/model/CrawlData;)Ljava/util/List; (165 bytes) @ 0x0000000002da0ca8 [0x0000000002da0ba0+0x108]
J 758 C2 com.gy.wm.service.WholesitePageProcessor.process(Lus/codecraft/webmagic/Page;)V (440 bytes) @ 0x0000000002cfc5ec [0x0000000002cfbfa0+0x64c]
j  us.codecraft.webmagic.Spider.processRequest(Lus/codecraft/webmagic/Request;)V+63
j  us.codecraft.webmagic.Spider$1.run()V+8
j  us.codecraft.webmagic.thread.CountableThreadPool$1.run()V+4
j  java.util.concurrent.ThreadPoolExecutor.runWorker(Ljava/util/concurrent/ThreadPoolExecutor$Worker;)V+95
j  java.util.concurrent.ThreadPoolExecutor$Worker.run()V+5
j  java.lang.Thread.run()V+11
v  ~StubRoutines::call_stub
V  [jvm.dll+0x1d03d3]


---------------  P R O C E S S  ---------------

Java Threads: ( => current thread )
  0x000000000daca800 JavaThread "pool-1-thread-10" [_thread_in_Java, id=17348, stack(0x000000000f020000,0x000000000f120000)]
  0x000000000da57000 JavaThread "pool-1-thread-9" [_thread_in_Java, id=6416, stack(0x000000000ef20000,0x000000000f020000)]
=>0x000000000da74000 JavaThread "pool-1-thread-8" [_thread_in_Java, id=33632, stack(0x000000000ee20000,0x000000000ef20000)]
  0x000000000da73000 JavaThread "pool-1-thread-7" [_thread_in_Java, id=27684, stack(0x000000000ed20000,0x000000000ee20000)]
  0x000000000da75000 JavaThread "pool-1-thread-6" [_thread_in_Java, id=6640, stack(0x000000000ec20000,0x000000000ed20000)]
  0x000000000dbad800 JavaThread "pool-1-thread-5" [_thread_in_native, id=26168, stack(0x000000000eb20000,0x000000000ec20000)]
  0x000000000d802800 JavaThread "pool-1-thread-4" [_thread_in_Java, id=20352, stack(0x000000000ea20000,0x000000000eb20000)]
  0x000000000d801800 JavaThread "pool-1-thread-3" [_thread_in_Java, id=19304, stack(0x000000000e920000,0x000000000ea20000)]
  0x000000000d944800 JavaThread "pool-1-thread-2" [_thread_in_native, id=33700, stack(0x000000000e820000,0x000000000e920000)]
  0x000000000d944000 JavaThread "pool-1-thread-1" [_thread_in_Java, id=17956, stack(0x000000000e720000,0x000000000e820000)]
  0x000000000d7ca800 JavaThread "commons-pool-EvictionTimer" daemon [_thread_blocked, id=11352, stack(0x000000000e520000,0x000000000e620000)]
  0x000000000d1bf800 JavaThread "Monitor Ctrl-Break" daemon [_thread_in_native, id=12644, stack(0x000000000d2f0000,0x000000000d3f0000)]
  0x000000000ad27000 JavaThread "Service Thread" daemon [_thread_blocked, id=14192, stack(0x000000000c470000,0x000000000c570000)]
  0x000000000ad1d000 JavaThread "C2 CompilerThread1" daemon [_thread_blocked, id=27048, stack(0x000000000c370000,0x000000000c470000)]
  0x000000000ad1b000 JavaThread "C2 CompilerThread0" daemon [_thread_blocked, id=22516, stack(0x000000000c270000,0x000000000c370000)]
  0x000000000ad1a000 JavaThread "Attach Listener" daemon [_thread_blocked, id=35756, stack(0x000000000c170000,0x000000000c270000)]
  0x000000000ad03000 JavaThread "Signal Dispatcher" daemon [_thread_blocked, id=9048, stack(0x000000000c070000,0x000000000c170000)]
  0x0000000002ac3000 JavaThread "Finalizer" daemon [_thread_blocked, id=2644, stack(0x000000000bf70000,0x000000000c070000)]
  0x0000000002aba800 JavaThread "Reference Handler" daemon [_thread_blocked, id=3984, stack(0x000000000be70000,0x000000000bf70000)]
  0x00000000029da800 JavaThread "main" [_thread_blocked, id=1104, stack(0x00000000028d0000,0x00000000029d0000)]

Other Threads:
  0x000000000acd2800 VMThread [stack: 0x000000000bd70000,0x000000000be70000] [id=3084]
  0x000000000ad6c000 WatcherThread [stack: 0x000000000c570000,0x000000000c670000] [id=2252]

VM state:not at safepoint (normal execution)

VM Mutex/Monitor currently owned by a thread: None

Heap
 PSYoungGen      total 646656K, used 620340K [0x00000007d5e80000, 0x00000007ffa80000, 0x0000000800000000)
  eden space 617472K, 99% used [0x00000007d5e80000,0x00000007fb4cfd78,0x00000007fb980000)
  from space 29184K, 26% used [0x00000007fde00000,0x00000007fe57d3f0,0x00000007ffa80000)
  to   space 33280K, 0% used [0x00000007fb980000,0x00000007fb980000,0x00000007fda00000)
 ParOldGen       total 163840K, used 81388K [0x0000000781c00000, 0x000000078bc00000, 0x00000007d5e80000)
  object space 163840K, 49% used [0x0000000781c00000,0x0000000786b7b3f0,0x000000078bc00000)
 PSPermGen       total 47104K, used 20837K [0x000000077ca00000, 0x000000077f800000, 0x0000000781c00000)
  object space 47104K, 44% used [0x000000077ca00000,0x000000077de597f0,0x000000077f800000)

Card table byte_map: [0x0000000005ad0000,0x0000000005ef0000] byte_map_base: 0x0000000001eeb000

Polling page: 0x0000000002300000

Code Cache  [0x0000000002ad0000, 0x0000000002ee0000, 0x0000000005ad0000)
 total_blobs=1772 nmethods=1426 adapters=297 free_code_cache=45179Kb largest_free_block=46114176

Compilation events (10 events):
Event: 23.170 Thread 0x000000000ad1b000 nmethod 1595 0x0000000002ece250 code [0x0000000002ece420, 0x0000000002ecf450]
Event: 23.171 Thread 0x000000000ad1b000 1596             sun.misc.JarIndex::get (49 bytes)
Event: 23.195 Thread 0x000000000ad1d000 nmethod 1594 0x0000000002e3ad90 code [0x0000000002e3af40, 0x0000000002e3bc78]
Event: 23.207 Thread 0x000000000ad1b000 nmethod 1596 0x0000000002e24290 code [0x0000000002e24420, 0x0000000002e25098]
Event: 23.209 Thread 0x000000000ad1d000 1597 %           org.jsoup.nodes.Attributes::html @ 21 (71 bytes)
Event: 23.215 Thread 0x000000000ad1b000 1598             java.util.HashMap$EntrySet::iterator (8 bytes)
Event: 23.215 Thread 0x000000000ad1d000 nmethod 1597% 0x0000000002ed1010 code [0x0000000002ed11a0, 0x0000000002ed15b8]
Event: 23.215 Thread 0x000000000ad1d000 1599             org.jsoup.nodes.Attributes::html (71 bytes)
Event: 23.218 Thread 0x000000000ad1b000 nmethod 1598 0x0000000002eab250 code [0x0000000002eab3c0, 0x0000000002eab678]
Event: 23.247 Thread 0x000000000ad1d000 nmethod 1599 0x0000000002e1f610 code [0x0000000002e1f880, 0x0000000002e207c0]

GC Heap History (10 events):
Event: 21.936 GC heap before
{Heap before GC invocations=30 (full 1):
 PSYoungGen      total 673280K, used 659437K [0x00000007d5e80000, 0x0000000800000000, 0x0000000800000000)
  eden space 657408K, 100% used [0x00000007d5e80000,0x00000007fe080000,0x00000007fe080000)
  from space 15872K, 12% used [0x00000007fef80000,0x00000007ff17b6d8,0x00000007fff00000)
  to   space 15360K, 0% used [0x00000007fe080000,0x00000007fe080000,0x00000007fef80000)
 ParOldGen       total 76288K, used 31456K [0x0000000781c00000, 0x0000000786680000, 0x00000007d5e80000)
  object space 76288K, 41% used [0x0000000781c00000,0x0000000783ab8080,0x0000000786680000)
 PSPermGen       total 41472K, used 20836K [0x000000077ca00000, 0x000000077f280000, 0x0000000781c00000)
  object space 41472K, 50% used [0x000000077ca00000,0x000000077de59398,0x000000077f280000)
Event: 21.947 GC heap after
Heap after GC invocations=30 (full 1):
 PSYoungGen      total 672768K, used 15356K [0x00000007d5e80000, 0x0000000800000000, 0x0000000800000000)
  eden space 657408K, 0% used [0x00000007d5e80000,0x00000007d5e80000,0x00000007fe080000)
  from space 15360K, 99% used [0x00000007fe080000,0x00000007fef7f088,0x00000007fef80000)
  to   space 16896K, 0% used [0x00000007fef80000,0x00000007fef80000,0x0000000800000000)
 ParOldGen       total 76288K, used 31808K [0x0000000781c00000, 0x0000000786680000, 0x00000007d5e80000)
  object space 76288K, 41% used [0x0000000781c00000,0x0000000783b100a0,0x0000000786680000)
 PSPermGen       total 41472K, used 20836K [0x000000077ca00000, 0x000000077f280000, 0x0000000781c00000)
  object space 41472K, 50% used [0x000000077ca00000,0x000000077de59398,0x000000077f280000)
}
Event: 22.464 GC heap before
{Heap before GC invocations=31 (full 1):
 PSYoungGen      total 672768K, used 672764K [0x00000007d5e80000, 0x0000000800000000, 0x0000000800000000)
  eden space 657408K, 100% used [0x00000007d5e80000,0x00000007fe080000,0x00000007fe080000)
  from space 15360K, 99% used [0x00000007fe080000,0x00000007fef7f088,0x00000007fef80000)
  to   space 16896K, 0% used [0x00000007fef80000,0x00000007fef80000,0x0000000800000000)
 ParOldGen       total 76288K, used 31808K [0x0000000781c00000, 0x0000000786680000, 0x00000007d5e80000)
  object space 76288K, 41% used [0x0000000781c00000,0x0000000783b100a0,0x0000000786680000)
 PSPermGen       total 41472K, used 20842K [0x000000077ca00000, 0x000000077f280000, 0x0000000781c00000)
  object space 41472K, 50% used [0x000000077ca00000,0x000000077de5ab00,0x000000077f280000)
Event: 22.512 GC heap after
Heap after GC invocations=31 (full 1):
 PSYoungGen      total 631808K, used 16884K [0x00000007d5e80000, 0x0000000800000000, 0x0000000800000000)
  eden space 614912K, 0% used [0x00000007d5e80000,0x00000007d5e80000,0x00000007fb700000)
  from space 16896K, 99% used [0x00000007fef80000,0x00000007ffffd298,0x0000000800000000)
  to   space 37376K, 0% used [0x00000007fb700000,0x00000007fb700000,0x00000007fdb80000)
 ParOldGen       total 76288K, used 75976K [0x0000000781c00000, 0x0000000786680000, 0x00000007d5e80000)
  object space 76288K, 99% used [0x0000000781c00000,0x00000007866321c8,0x0000000786680000)
 PSPermGen       total 41472K, used 20842K [0x000000077ca00000, 0x000000077f280000, 0x0000000781c00000)
  object space 41472K, 50% used [0x000000077ca00000,0x000000077de5ab00,0x000000077f280000)
}
Event: 22.512 GC heap before
{Heap before GC invocations=32 (full 2):
 PSYoungGen      total 631808K, used 16884K [0x00000007d5e80000, 0x0000000800000000, 0x0000000800000000)
  eden space 614912K, 0% used [0x00000007d5e80000,0x00000007d5e80000,0x00000007fb700000)
  from space 16896K, 99% used [0x00000007fef80000,0x00000007ffffd298,0x0000000800000000)
  to   space 37376K, 0% used [0x00000007fb700000,0x00000007fb700000,0x00000007fdb80000)
 ParOldGen       total 76288K, used 75976K [0x0000000781c00000, 0x0000000786680000, 0x00000007d5e80000)
  object space 76288K, 99% used [0x0000000781c00000,0x00000007866321c8,0x0000000786680000)
 PSPermGen       total 41472K, used 20842K [0x000000077ca00000, 0x000000077f280000, 0x0000000781c00000)
  object space 41472K, 50% used [0x000000077ca00000,0x000000077de5ab00,0x000000077f280000)
Event: 22.776 GC heap after
Heap after GC invocations=32 (full 2):
 PSYoungGen      total 631808K, used 0K [0x00000007d5e80000, 0x0000000800000000, 0x0000000800000000)
  eden space 614912K, 0% used [0x00000007d5e80000,0x00000007d5e80000,0x00000007fb700000)
  from space 16896K, 0% used [0x00000007fef80000,0x00000007fef80000,0x0000000800000000)
  to   space 37376K, 0% used [0x00000007fb700000,0x00000007fb700000,0x00000007fdb80000)
 ParOldGen       total 163840K, used 70582K [0x0000000781c00000, 0x000000078bc00000, 0x00000007d5e80000)
  object space 163840K, 43% used [0x0000000781c00000,0x00000007860eda10,0x000000078bc00000)
 PSPermGen       total 47104K, used 20837K [0x000000077ca00000, 0x000000077f800000, 0x0000000781c00000)
  object space 47104K, 44% used [0x000000077ca00000,0x000000077de59460,0x000000077f800000)
}
Event: 23.016 GC heap before
{Heap before GC invocations=33 (full 2):
 PSYoungGen      total 631808K, used 614912K [0x00000007d5e80000, 0x0000000800000000, 0x0000000800000000)
  eden space 614912K, 100% used [0x00000007d5e80000,0x00000007fb700000,0x00000007fb700000)
  from space 16896K, 0% used [0x00000007fef80000,0x00000007fef80000,0x0000000800000000)
  to   space 37376K, 0% used [0x00000007fb700000,0x00000007fb700000,0x00000007fdb80000)
 ParOldGen       total 163840K, used 70582K [0x0000000781c00000, 0x000000078bc00000, 0x00000007d5e80000)
  object space 163840K, 43% used [0x0000000781c00000,0x00000007860eda10,0x000000078bc00000)
 PSPermGen       total 47104K, used 20837K [0x000000077ca00000, 0x000000077f800000, 0x0000000781c00000)
  object space 47104K, 44% used [0x000000077ca00000,0x000000077de59480,0x000000077f800000)
Event: 23.032 GC heap after
Heap after GC invocations=33 (full 2):
 PSYoungGen      total 652288K, used 11298K [0x00000007d5e80000, 0x0000000800000000, 0x0000000800000000)
  eden space 614912K, 0% used [0x00000007d5e80000,0x00000007d5e80000,0x00000007fb700000)
  from space 37376K, 30% used [0x00000007fb700000,0x00000007fc2089b8,0x00000007fdb80000)
  to   space 34816K, 0% used [0x00000007fde00000,0x00000007fde00000,0x0000000800000000)
 ParOldGen       total 163840K, used 70582K [0x0000000781c00000, 0x000000078bc00000, 0x00000007d5e80000)
  object space 163840K, 43% used [0x0000000781c00000,0x00000007860eda10,0x000000078bc00000)
 PSPermGen       total 47104K, used 20837K [0x000000077ca00000, 0x000000077f800000, 0x0000000781c00000)
  object space 47104K, 44% used [0x000000077ca00000,0x000000077de59480,0x000000077f800000)
}
Event: 23.394 GC heap before
{Heap before GC invocations=34 (full 2):
 PSYoungGen      total 652288K, used 626210K [0x00000007d5e80000, 0x0000000800000000, 0x0000000800000000)
  eden space 614912K, 100% used [0x00000007d5e80000,0x00000007fb700000,0x00000007fb700000)
  from space 37376K, 30% used [0x00000007fb700000,0x00000007fc2089b8,0x00000007fdb80000)
  to   space 34816K, 0% used [0x00000007fde00000,0x00000007fde00000,0x0000000800000000)
 ParOldGen       total 163840K, used 70582K [0x0000000781c00000, 0x000000078bc00000, 0x00000007d5e80000)
  object space 163840K, 43% used [0x0000000781c00000,0x00000007860eda10,0x000000078bc00000)
 PSPermGen       total 47104K, used 20837K [0x000000077ca00000, 0x000000077f800000, 0x0000000781c00000)
  object space 47104K, 44% used [0x000000077ca00000,0x000000077de59748,0x000000077f800000)
Event: 23.417 GC heap after
Heap after GC invocations=34 (full 2):
 PSYoungGen      total 646656K, used 7668K [0x00000007d5e80000, 0x00000007ffa80000, 0x0000000800000000)
  eden space 617472K, 0% used [0x00000007d5e80000,0x00000007d5e80000,0x00000007fb980000)
  from space 29184K, 26% used [0x00000007fde00000,0x00000007fe57d3f0,0x00000007ffa80000)
  to   space 33280K, 0% used [0x00000007fb980000,0x00000007fb980000,0x00000007fda00000)
 ParOldGen       total 163840K, used 81388K [0x0000000781c00000, 0x000000078bc00000, 0x00000007d5e80000)
  object space 163840K, 49% used [0x0000000781c00000,0x0000000786b7b3f0,0x000000078bc00000)
 PSPermGen       total 47104K, used 20837K [0x000000077ca00000, 0x000000077f800000, 0x0000000781c00000)
  object space 47104K, 44% used [0x000000077ca00000,0x000000077de59748,0x000000077f800000)
}

Deoptimization events (10 events):
Event: 20.730 Thread 0x000000000d944800 Uncommon trap: reason=unstable_if action=reinterpret pc=0x0000000002e5c2d8 method=org.jsoup.parser.HtmlTreeBuilderState$15.process(Lorg/jsoup/parser/Token;Lorg/jsoup/parser/HtmlTreeBuilder;)Z @ 295
Event: 21.270 Thread 0x000000000d944000 Uncommon trap: reason=unstable_if action=reinterpret pc=0x0000000002e335f0 method=org.jsoup.parser.CharacterReader.consumeLetterThenDigitSequence()Ljava/lang/String; @ 83
Event: 21.270 Thread 0x000000000d944000 Uncommon trap: reason=unstable_if action=reinterpret pc=0x0000000002d4ad28 method=org.jsoup.parser.CharacterReader.consumeLetterThenDigitSequence()Ljava/lang/String; @ 83
Event: 21.648 Thread 0x000000000dbad800 Uncommon trap: reason=predicate action=maybe_recompile pc=0x0000000002e9e328 method=java.lang.Throwable.printEnclosedStackTrace(Ljava/lang/Throwable$PrintStreamOrWriter;[Ljava/lang/StackTraceElement;Ljava/lang/String;Ljava/lang/String;Ljava/util/Set;)V @ 9ò«?=&26@
Event: 22.196 Thread 0x000000000da57000 Uncommon trap: reason=unstable_if action=reinterpret pc=0x0000000002c923f4 method=org.jsoup.parser.TokeniserState$2.read(Lorg/jsoup/parser/Tokeniser;Lorg/jsoup/parser/CharacterReader;)V @ 8
Event: 23.199 Thread 0x000000000d944800 Uncommon trap: reason=unstable_if action=reinterpret pc=0x0000000002c0eee0 method=org.jsoup.parser.HtmlTreeBuilderState$14.process(Lorg/jsoup/parser/Token;Lorg/jsoup/parser/HtmlTreeBuilder;)Z @ 37
Event: 23.201 Thread 0x000000000d944800 Uncommon trap: reason=unstable_if action=reinterpret pc=0x0000000002c95eec method=org.jsoup.parser.HtmlTreeBuilderState$13.process(Lorg/jsoup/parser/Token;Lorg/jsoup/parser/HtmlTreeBuilder;)Z @ 256
Event: 23.204 Thread 0x000000000d944800 Uncommon trap: reason=unstable_if action=reinterpret pc=0x0000000002d0c408 method=org.jsoup.nodes.Attribute.shouldCollapseAttribute(Lorg/jsoup/nodes/Document$OutputSettings;)Z @ 23
Event: 23.211 Thread 0x000000000d944800 Uncommon trap: reason=unstable_if action=reinterpret pc=0x0000000002cdd8e0 method=org.jsoup.nodes.Attribute.shouldCollapseAttribute(Lorg/jsoup/nodes/Document$OutputSettings;)Z @ 23
Event: 23.229 Thread 0x000000000d944800 Uncommon trap: reason=unstable_if action=reinterpret pc=0x0000000002cdd1ac method=org.jsoup.nodes.Attribute.shouldCollapseAttribute(Lorg/jsoup/nodes/Document$OutputSettings;)Z @ 23

Internal exceptions (10 events):
Event: 22.248 Thread 0x000000000d944800 Threw 0x00000007e8ccb838 at C:\re\jdk7u80\2329\hotspot\src\share\vm\prims\jni.cpp:743
Event: 22.815 Thread 0x000000000dbad800 Threw 0x00000007dbb50ef0 at C:\re\jdk7u80\2329\hotspot\src\share\vm\prims\jni.cpp:743
Event: 23.150 Thread 0x000000000d944800 Threw 0x00000007e2edffa0 at C:\re\jdk7u80\2329\hotspot\src\share\vm\prims\jvm.cpp:1319
Event: 23.150 Thread 0x000000000d944800 Threw 0x00000007e2eeb498 at C:\re\jdk7u80\2329\hotspot\src\share\vm\prims\jvm.cpp:1319
Event: 23.150 Thread 0x000000000d944800 Threw 0x00000007e2eeb908 at C:\re\jdk7u80\2329\hotspot\src\share\vm\prims\jvm.cpp:1319
Event: 23.150 Thread 0x000000000d944800 Threw 0x00000007e2ef6e00 at C:\re\jdk7u80\2329\hotspot\src\share\vm\prims\jvm.cpp:1319
Event: 23.150 Thread 0x000000000d944800 Threw 0x00000007e2ef7270 at C:\re\jdk7u80\2329\hotspot\src\share\vm\prims\jvm.cpp:1319
Event: 23.151 Thread 0x000000000d944800 Threw 0x00000007e2f02768 at C:\re\jdk7u80\2329\hotspot\src\share\vm\prims\jvm.cpp:1319
Event: 23.164 Thread 0x000000000d944800 Threw 0x00000007e3b3fb80 at C:\re\jdk7u80\2329\hotspot\src\share\vm\prims\jni.cpp:743
Event: 23.664 Thread 0x000000000da74000 Implicit null exception at 0x0000000002c84c1a to 0x0000000000000000

Events (10 events):
Event: 23.204 Thread 0x000000000d944800 DEOPT PACKING pc=0x0000000002d0c408 sp=0x000000000e91f080
Event: 23.205 Thread 0x000000000d944800 DEOPT UNPACKING pc=0x0000000002b075a4 sp=0x000000000e91efa0 mode 2
Event: 23.211 Thread 0x000000000d944800 Uncommon trap: trap_request=0xffffff75 fr.pc=0x0000000002cdd8e0
Event: 23.211 Thread 0x000000000d944800 DEOPT PACKING pc=0x0000000002cdd8e0 sp=0x000000000e91eff0
Event: 23.211 Thread 0x000000000d944800 DEOPT UNPACKING pc=0x0000000002b075a4 sp=0x000000000e91ef98 mode 2
Event: 23.229 Thread 0x000000000d944800 Uncommon trap: trap_request=0xffffff75 fr.pc=0x0000000002cdd1ac
Event: 23.229 Thread 0x000000000d944800 DEOPT PACKING pc=0x0000000002cdd1ac sp=0x000000000e91ef30
Event: 23.229 Thread 0x000000000d944800 DEOPT UNPACKING pc=0x0000000002b075a4 sp=0x000000000e91eed8 mode 2
Event: 23.394 Executing VM operation: ParallelGCFailedAllocation
Event: 23.417 Executing VM operation: ParallelGCFailedAllocation done


Dynamic libraries:
0x00007ff78f9a0000 - 0x00007ff78f9d3000 	C:\Program Files\JDK\jdk1.7.0_80\bin\java.exe
0x00007ff90b8f0000 - 0x00007ff90bab1000 	C:\Windows\SYSTEM32\ntdll.dll
0x00007ff90b0e0000 - 0x00007ff90b18d000 	C:\Windows\system32\KERNEL32.DLL
0x00007ff908070000 - 0x00007ff908258000 	C:\Windows\system32\KERNELBASE.dll
0x00007ff9092f0000 - 0x00007ff909397000 	C:\Windows\system32\ADVAPI32.dll
0x00007ff909190000 - 0x00007ff90922d000 	C:\Windows\system32\msvcrt.dll
0x00007ff909130000 - 0x00007ff90918b000 	C:\Windows\system32\sechost.dll
0x00007ff909470000 - 0x00007ff90958c000 	C:\Windows\system32\RPCRT4.dll
0x00007ff90af60000 - 0x00007ff90b0b6000 	C:\Windows\system32\USER32.dll
0x00007ff90b190000 - 0x00007ff90b316000 	C:\Windows\system32\GDI32.dll
0x00007ff8f9f70000 - 0x00007ff8fa1e4000 	C:\Windows\WinSxS\amd64_microsoft.windows.common-controls_6595b64144ccf1df_6.0.10586.494_none_a2d8b04ea53e3145\COMCTL32.dll
0x00007ff90b600000 - 0x00007ff90b87d000 	C:\Windows\system32\combase.dll
0x00007ff908c80000 - 0x00007ff908cea000 	C:\Windows\system32\bcryptPrimitives.dll
0x00007ff90ae00000 - 0x00007ff90ae3b000 	C:\Windows\system32\IMM32.DLL
0x000000006ba90000 - 0x000000006bb62000 	C:\Program Files\JDK\jdk1.7.0_80\jre\bin\msvcr100.dll
0x000000006b2b0000 - 0x000000006ba89000 	C:\Program Files\JDK\jdk1.7.0_80\jre\bin\server\jvm.dll
0x00007ff90b5f0000 - 0x00007ff90b5f8000 	C:\Windows\system32\PSAPI.DLL
0x00007ff906610000 - 0x00007ff906633000 	C:\Windows\SYSTEM32\WINMM.dll
0x00007ff8f9c60000 - 0x00007ff8f9c69000 	C:\Windows\SYSTEM32\WSOCK32.dll
0x00007ff90b880000 - 0x00007ff90b8eb000 	C:\Windows\system32\WS2_32.dll
0x00007ff9065e0000 - 0x00007ff90660c000 	C:\Windows\SYSTEM32\winmmbase.dll
0x00007ff908c30000 - 0x00007ff908c73000 	C:\Windows\system32\cfgmgr32.dll
0x000000006b2a0000 - 0x000000006b2af000 	C:\Program Files\JDK\jdk1.7.0_80\jre\bin\verify.dll
0x000000006b270000 - 0x000000006b298000 	C:\Program Files\JDK\jdk1.7.0_80\jre\bin\java.dll
0x000000006b250000 - 0x000000006b266000 	C:\Program Files\JDK\jdk1.7.0_80\jre\bin\zip.dll
0x00007ff8ffe60000 - 0x00007ff8ffe70000 	C:\Program Files (x86)\JetBrains\IntelliJ IDEA 2016.2\bin\breakgen64.dll
0x000000006b200000 - 0x000000006b20b000 	C:\Program Files\JDK\jdk1.7.0_80\jre\bin\management.dll
0x000000006b230000 - 0x000000006b24a000 	C:\Program Files\JDK\jdk1.7.0_80\jre\bin\net.dll
0x00007ff9077e0000 - 0x00007ff90783c000 	C:\Windows\system32\mswsock.dll
0x00007ff8ffec0000 - 0x00007ff8ffed6000 	C:\Windows\system32\napinsp.dll
0x00007ff8ffee0000 - 0x00007ff8ffefa000 	C:\Windows\system32\pnrpnsp.dll
0x00007ff905c90000 - 0x00007ff905ca8000 	C:\Windows\system32\NLAapi.dll
0x00007ff906930000 - 0x00007ff9069da000 	C:\Windows\SYSTEM32\DNSAPI.dll
0x00007ff90ae40000 - 0x00007ff90ae48000 	C:\Windows\system32\NSI.dll
0x00007ff9063e0000 - 0x00007ff9063ed000 	C:\Windows\System32\winrnr.dll
0x000000006c1c0000 - 0x000000006c1e6000 	C:\Program Files\Bonjour\mdnsNSP.dll
0x00007ff904830000 - 0x00007ff904868000 	C:\Windows\SYSTEM32\Iphlpapi.DLL
0x00007ff8fc3a0000 - 0x00007ff8fc3aa000 	C:\Windows\System32\rasadhlp.dll
0x00007ff903930000 - 0x00007ff903997000 	C:\Windows\System32\fwpuclnt.dll
0x00007ff907e40000 - 0x00007ff907e69000 	C:\Windows\SYSTEM32\bcrypt.dll
0x000000006b210000 - 0x000000006b221000 	C:\Program Files\JDK\jdk1.7.0_80\jre\bin\nio.dll
0x000000006b1a0000 - 0x000000006b1c4000 	C:\Program Files\JDK\jdk1.7.0_80\jre\bin\sunec.dll
0x000000006b190000 - 0x000000006b19b000 	C:\Program Files\JDK\jdk1.7.0_80\jre\bin\sunmscapi.dll
0x00007ff908260000 - 0x00007ff908428000 	C:\Windows\system32\CRYPT32.dll
0x00007ff907f10000 - 0x00007ff907f20000 	C:\Windows\system32\MSASN1.dll
0x00007ff907890000 - 0x00007ff9078a7000 	C:\Windows\SYSTEM32\CRYPTSP.dll
0x00007ff907520000 - 0x00007ff907554000 	C:\Windows\system32\rsaenh.dll
0x00007ff907670000 - 0x00007ff90768f000 	C:\Windows\SYSTEM32\USERENV.dll
0x00007ff907f20000 - 0x00007ff907f34000 	C:\Windows\system32\profapi.dll
0x00007ff9079b0000 - 0x00007ff9079bb000 	C:\Windows\SYSTEM32\CRYPTBASE.dll
0x00007ff903900000 - 0x00007ff903916000 	C:\Windows\SYSTEM32\dhcpcsvc6.DLL
0x00007ff9038e0000 - 0x00007ff9038fa000 	C:\Windows\SYSTEM32\dhcpcsvc.DLL
0x00007ff8fc0e0000 - 0x00007ff8fc26c000 	C:\Windows\SYSTEM32\dbghelp.dll

VM Arguments:
jvm_args: -Didea.launcher.port=7535 -Didea.launcher.bin.path=C:\Program Files (x86)\JetBrains\IntelliJ IDEA 2016.2\bin -Dfile.encoding=UTF-8 
java_command: com.intellij.rt.execution.application.AppMain com.gy.wm.entry.Crawl -depth 3 -pass 3 -tid whole-site20160808 -starttime 201608081124 -seedpath /data/seeds.txt -protocolDir ttt -type ttt -recalldepth 3 -templateDir /templates -clickregexDir ttt -postregexDir ttt -configpath ttt
Launcher Type: SUN_STANDARD

Environment Variables:
JAVA_HOME=C:\Program Files\JDK\jdk1.7.0_80
CLASSPATH=.;C:\Program Files\JDK\jdk1.7.0_80\lib\dt.jar;C:\Program Files\JDK\jdk1.7.0_80\lib\tools.jar;
PATH=C:\Python27\;C:\Python27\Scripts;C:\Windows\system32;C:\Windows;C:\Windows\System32\Wbem;C:\Windows\System32\WindowsPowerShell\v1.0\;C:\Program Files\Git\cmd;C:\Program Files\Git\bin;D:\tools\apache-maven-3.0.5\bin;C:\Python27
USERNAME=karel
OS=Windows_NT
PROCESSOR_IDENTIFIER=Intel64 Family 6 Model 60 Stepping 3, GenuineIntel



---------------  S Y S T E M  ---------------

OS: Windows 8.1 , 64 bit Build 9600 

CPU:total 4 (2 cores per cpu, 2 threads per core) family 6 model 60 stepping 3, cmov, cx8, fxsr, mmx, sse, sse2, sse3, ssse3, sse4.1, sse4.2, popcnt, avx, avx2, aes, erms, ht, tsc, tscinvbit

Memory: 4k page, physical 8273908k(1636188k free), swap 16419532k(4798652k free)

vm_info: Java HotSpot(TM) 64-Bit Server VM (24.80-b11) for windows-amd64 JRE (1.7.0_80-b15), built on Apr 10 2015 11:26:34 by "java_re" with unknown MS VC++:1600

time: Mon Sep 12 10:38:04 2016
elapsed time: 23 seconds

